[debug] [2024-12-01T01:42:27.620Z] ----------------------------------------------------------------------
[debug] [2024-12-01T01:42:27.636Z] Command:       C:\Users\God's Will\New folder\node.exe C:\Users\God's Will\AppData\Roaming\npm\node_modules\firebase-tools\lib\bin\firebase.js init
[debug] [2024-12-01T01:42:27.639Z] CLI Version:   13.24.2
[debug] [2024-12-01T01:42:27.640Z] Platform:      win32
[debug] [2024-12-01T01:42:27.641Z] Node Version:  v20.10.0
[debug] [2024-12-01T01:42:27.641Z] Time:          Sat Nov 30 2024 17:42:27 GMT-0800 (Pacific Standard Time)
[debug] [2024-12-01T01:42:27.642Z] ----------------------------------------------------------------------
[debug] 
[debug] [2024-12-01T01:42:27.725Z] >>> [apiv2][query] GET https://firebase-public.firebaseio.com/cli.json [none]
[debug] [2024-12-01T01:42:28.038Z] > command requires scopes: ["email","openid","https://www.googleapis.com/auth/cloudplatformprojects.readonly","https://www.googleapis.com/auth/firebase","https://www.googleapis.com/auth/cloud-platform"]
[debug] [2024-12-01T01:42:28.042Z] > authorizing via signed-in user (ufiagodswill09@gmail.com)
[info] 
     ######## #### ########  ######## ########     ###     ######  ########
     ##        ##  ##     ## ##       ##     ##  ##   ##  ##       ##
     ######    ##  ########  ######   ########  #########  ######  ######
     ##        ##  ##    ##  ##       ##     ## ##     ##       ## ##
     ##       #### ##     ## ######## ########  ##     ##  ######  ########

You're about to initialize a Firebase project in this directory:

  C:\Users\God's Will\bitgiggle-backend

[debug] [2024-12-01T01:42:28.958Z] <<< [apiv2][status] GET https://firebase-public.firebaseio.com/cli.json 200
[debug] [2024-12-01T01:42:28.961Z] <<< [apiv2][body] GET https://firebase-public.firebaseio.com/cli.json {"cloudBuildErrorAfter":1594252800000,"cloudBuildWarnAfter":1590019200000,"defaultNode10After":1594252800000,"minVersion":"3.0.5","node8DeploysDisabledAfter":1613390400000,"node8RuntimeDisabledAfter":1615809600000,"node8WarnAfter":1600128000000}
